#
# A fatal error has been detected by the Java Runtime Environment:
#
#  SIGBUS (0xa) at pc=0x00007fff94b8086c, pid=11480, tid=0x0000000000000713
#
# JRE version: Java(TM) SE Runtime Environment (8.0_151-b12) (build 1.8.0_151-b12)
# Java VM: Java HotSpot(TM) 64-Bit Server VM (25.151-b12 mixed mode bsd-amd64 compressed oops)
# Problematic frame:
# C  [CoreGraphics+0x4b86c]  decode_swap+0x30
#
# Failed to write core dump. Core dumps have been disabled. To enable core dumping, try "ulimit -c unlimited" before starting Java again
#
# If you would like to submit a bug report, please visit:
#   http://bugreport.java.com/bugreport/crash.jsp
# The crash happened outside the Java Virtual Machine in native code.
# See problematic frame for where to report the bug.
#

---------------  T H R E A D  ---------------

Current thread (0x00007fc6cba7c800):  JavaThread "JavaFX Application Thread" [_thread_in_native, id=1811, stack(0x00007fff50a80000,0x00007fff51280000)]

siginfo: si_signo: 10 (SIGBUS), si_code: 2 (BUS_ADRERR), si_addr: 0x00000007acac2a08

Registers:
RAX=0x00007fc6ca78a560, RBX=0x0000000000000020, RCX=0x0000000000000200, RDX=0x00000007acac2a08
RSP=0x00007fff51276998, RBP=0x00007fff512769b0, RSI=0x00007fc6ca78a560, RDI=0x0000000000000004
R8 =0x00000000000001f0, R9 =0x00000000000001f0, R10=0x00000007acac2c08, R11=0x00007fc6ca78a760
R12=0x00007fc6d08db6a0, R13=0x00000007acac2a08, R14=0x0000000000000200, R15=0x0000000000000003
RIP=0x00007fff94b8086c, EFLAGS=0x0000000000010206, ERR=0x0000000000000004
  TRAPNO=0x000000000000000e

Top of Stack: (sp=0x00007fff51276998)
0x00007fff51276998:   0000000000000020 0000000000000200
0x00007fff512769a8:   0000000000000003 00007fff51276b50
0x00007fff512769b8:   00007fff94b5fe96 0000000000000050
0x00007fff512769c8:   00007fc6cb8b7c80 0000000000000010
0x00007fff512769d8:   0000000000000024 00007fc6cb8b7c00
0x00007fff512769e8:   0000000000000000 00007fff51276e90
0x00007fff512769f8:   00007fff94ba7b04 0000000251276a50
0x00007fff51276a08:   0000000000000500 0000000000000010
0x00007fff51276a18:   0000000000000000 00000002ccdf1b80
0x00007fff51276a28:   3fbe3c78f1e3c78f 0000000000000180
0x00007fff51276a38:   0000002400000080 3fbe3c78f1e3c78f
0x00007fff51276a48:   0000000000000000 0000000000000008
0x00007fff51276a58:   0000000000000000 0000000000000001
0x00007fff51276a68:   bf8e839000000003 0000000000000080
0x00007fff51276a78:   bfad286e00000200 0000000000000080
0x00007fff51276a88:   0000000700000000 00007fc6d08db6a0
0x00007fff51276a98:   000000031d2c8e48 3fa3f28b00000200
0x00007fff51276aa8:   00007fff51277d60 00007fff512781e0
0x00007fff51276ab8:   0000000000000004 3fe38fbc00000001
0x00007fff51276ac8:   0000000000000008 3fec7a7d00000001
0x00007fff51276ad8:   3fef177600000004 0000000000000180
0x00007fff51276ae8:   0000000000000200 3fec7a7ddf54355e
0x00007fff51276af8:   00007fc6ca78a560 3fe38fbc00000003
0x00007fff51276b08:   3fdc8fbd00000000 00007fff51277d60
0x00007fff51276b18:   00000007acac2a08 3fa3f28b3b4c9a89
0x00007fff51276b28:   0000000000000003 00007fff51276d28
0x00007fff51276b38:   0000000000000000 0000000000000000
0x00007fff51276b48:   00007fff51277260 00007fff51276c40
0x00007fff51276b58:   00007fff94b5e996 00007fc600000180
0x00007fff51276b68:   00007fff512781e0 00007fff00000080
0x00007fff51276b78:   00007fff94b5e5cb 00007fff51276c70
0x00007fff51276b88:   00007fff932b3b1d ffffffffffffffff 

Instructions: (pc=0x00007fff94b8086c)
0x00007fff94b8084c:   f9 10 0f 8c ce 00 00 00 44 8d 41 f0 45 89 c1 41
0x00007fff94b8085c:   83 e1 f0 4e 8d 5c 0e 10 4e 8d 54 0a 10 48 89 f0
0x00007fff94b8086c:   44 8b 3a 44 8b 72 04 41 0f cf 41 0f ce 8b 7a 08
0x00007fff94b8087c:   0f cf 8b 5a 0c 0f cb 83 c1 f0 44 89 38 44 89 70 

Register to memory mapping:

RAX=0x00007fc6ca78a560 is an unknown value
RBX=0x0000000000000020 is an unknown value
RCX=0x0000000000000200 is an unknown value
RDX=0x00000007acac2a08 is an unallocated location in the heap
RSP=0x00007fff51276998 is pointing into the stack for thread: 0x00007fc6cba7c800
RBP=0x00007fff512769b0 is pointing into the stack for thread: 0x00007fc6cba7c800
RSI=0x00007fc6ca78a560 is an unknown value
RDI=0x0000000000000004 is an unknown value
R8 =0x00000000000001f0 is an unknown value
R9 =0x00000000000001f0 is an unknown value
R10=0x00000007acac2c08 is an unallocated location in the heap
R11=0x00007fc6ca78a760 is an unknown value
R12=0x00007fc6d08db6a0 is an unknown value
R13=0x00000007acac2a08 is an unallocated location in the heap
R14=0x0000000000000200 is an unknown value
R15=0x0000000000000003 is an unknown value


Stack: [0x00007fff50a80000,0x00007fff51280000],  sp=0x00007fff51276998,  free space=8154k
Native frames: (J=compiled Java code, j=interpreted, Vv=VM code, C=native code)
C  [CoreGraphics+0x4b86c]  decode_swap+0x30
C  [CoreGraphics+0x2ae96]  decode_data+0xe35
C  [CoreGraphics+0x29996]  img_decode_read+0x506
C  [CoreGraphics+0x73904]  img_interpolate_read+0x195
C  [CoreGraphics+0x29387]  img_colormatch_read+0x17b
C  [CoreGraphics+0x29181]  img_alphamerge_read+0x227
C  [CoreGraphics+0x2704d]  img_data_lock+0x2140
C  [CoreGraphics+0x23f8a]  CGSImageDataLock+0x97
C  [libRIP.A.dylib+0xda02]  ripc_AcquireImage+0x38a
C  [libRIP.A.dylib+0xc525]  ripc_DrawImage+0x40d
C  [CoreGraphics+0x23b94]  CGContextDrawImage+0x1c9
C  [AppKit+0xf76f2]  __74-[NSImageRep drawInRect:fromRect:operation:fraction:respectFlipped:hints:]_block_invoke+0x320
C  [AppKit+0xf7195]  -[NSImageRep drawInRect:fromRect:operation:fraction:respectFlipped:hints:]+0x454
C  [AppKit+0x5e7656]  __71-[NSImage drawInRect:fromRect:operation:fraction:respectFlipped:hints:]_block_invoke1012+0x473
C  [AppKit+0x9ddc6]  -[NSImage _usingBestRepresentationForRect:context:hints:body:]+0xa4
C  [AppKit+0xf69d7]  -[NSImage drawInRect:fromRect:operation:fraction:respectFlipped:hints:]+0x84a
C  [AppKit+0xf5d2e]  -[NSImage _drawMappingAlignmentRectToRect:withState:backgroundStyle:operation:fraction:flip:hints:]+0x65c
C  [AppKit+0x20a8c4]  -[NSThemeDocumentButtonCell drawWithFrame:inView:]+0x256
C  [AppKit+0xfb321]  -[NSControl drawRect:]+0x156
C  [AppKit+0xe5689]  -[NSView _drawRect:clip:]+0x108e
C  [AppKit+0xe3cfa]  -[NSView _recursiveDisplayAllDirtyWithLockFocus:visRect:]+0x753
C  [AppKit+0xe40fe]  -[NSView _recursiveDisplayAllDirtyWithLockFocus:visRect:]+0xb57
C  [AppKit+0xe1b96]  -[NSView _recursiveDisplayRectIfNeededIgnoringOpacity:isVisibleRect:rectIsVisibleRectForView:topView:]+0x391
C  [AppKit+0xe12f3]  -[NSThemeFrame _recursiveDisplayRectIfNeededIgnoringOpacity:isVisibleRect:rectIsVisibleRectForView:topView:]+0x14d
C  [AppKit+0xdd68b]  -[NSView _displayRectIgnoringOpacity:isVisibleRect:rectIsVisibleRectForView:]+0xac9
C  [AppKit+0x951ae]  -[NSView displayIfNeeded]+0x754
C  [AppKit+0xda2af]  -[NSThemeFrame handleSetFrameCommonRedisplay]+0xfb
C  [AppKit+0xd290d]  -[NSWindow _setFrameCommon:display:stashSize:]+0xdf2
C  [AppKit+0x3d091b]  -[NSWindow _adjustWindowToScreen]+0xbf0
C  [AppKit+0x40df84]  -[NSWindow _displayChangedSoAdjustWindows:]+0x59
C  [AppKit+0x8cfef]  __44-[NSApplication makeWindowsPerform:inOrder:]_block_invoke+0x1b
C  [AppKit+0x8cf41]  -[NSApplication _findWindowInOrder:passingTest:]+0x176
C  [AppKit+0x8cdbe]  -[NSApplication makeWindowsPerform:inOrder:]+0x51
C  [AppKit+0x40dd46]  -[NSApplication _reactToScreenInvalidationImmediately:]+0x43
C  [AppKit+0x40dcc7]  __44-[NSApplication _reactToScreenInvalidation:]_block_invoke+0x4b
C  [CoreFoundation+0x8070c]  __CFRUNLOOP_IS_CALLING_OUT_TO_A_BLOCK__+0xc
C  [CoreFoundation+0x72815]  __CFRunLoopDoBlocks+0x155
C  [CoreFoundation+0x72356]  __CFRunLoopRun+0x716
C  [CoreFoundation+0x719f8]  CFRunLoopRunSpecific+0x128
C  [HIToolbox+0x3256f]  RunCurrentEventLoopInMode+0xeb
C  [HIToolbox+0x321ee]  ReceiveNextEventCommon+0xb3
C  [HIToolbox+0x3212b]  _BlockUntilNextEventMatchingListInModeWithFilter+0x47
C  [AppKit+0x918ab]  _DPSNextEvent+0x3d2
C  [AppKit+0x90e58]  -[NSApplication nextEventMatchingMask:untilDate:inMode:dequeue:]+0x15a
C  [AppKit+0x86af3]  -[NSApplication run]+0x252
C  [libglass.dylib+0x64ac]  -[GlassApplication runLoop:]+0x72c
C  [Foundation+0x92da0]  __NSThreadPerformPerform+0x125
C  [CoreFoundation+0x80821]  __CFRUNLOOP_IS_CALLING_OUT_TO_A_SOURCE0_PERFORM_FUNCTION__+0x11
C  [CoreFoundation+0x729ad]  __CFRunLoopDoSources0+0x10d
C  [CoreFoundation+0x71fdf]  __CFRunLoopRun+0x39f
C  [CoreFoundation+0x719f8]  CFRunLoopRunSpecific+0x128
C  [java+0x6465]  CreateExecutionEnvironment+0x367
C  [java+0x218c]  JLI_Launch+0x7a0
C  [java+0x84c2]  main+0x65
C  [java+0x19e4]  start+0x34
C  0x0000000000000005


---------------  P R O C E S S  ---------------

Java Threads: ( => current thread )
  0x00007fc6cb95c000 JavaThread "Thread-49" [_thread_in_native, id=59063, stack(0x0000000135bb7000,0x0000000135cb7000)]
  0x00007fc6d1341000 JavaThread "Thread-44" [_thread_in_native, id=68879, stack(0x000000019437a000,0x000000019447a000)]
  0x00007fc6cc55d000 JavaThread "Thread-41" [_thread_in_native, id=67099, stack(0x0000000193041000,0x0000000193141000)]
  0x00007fc6d18cd000 JavaThread "Thread-40" [_thread_in_native, id=41915, stack(0x0000000191acd000,0x0000000191bcd000)]
  0x00007fc6d1896000 JavaThread "Thread-32" [_thread_in_native, id=66563, stack(0x0000000191bd0000,0x0000000191cd0000)]
  0x00007fc6d136e000 JavaThread "Thread-27" [_thread_in_native, id=13767, stack(0x00000001725ea000,0x00000001726ea000)]
  0x00007fc6cb130800 JavaThread "Thread-23" [_thread_in_native, id=36359, stack(0x0000000135ab4000,0x0000000135bb4000)]
  0x00007fc6cbf17000 JavaThread "Thread-22" [_thread_in_native, id=12151, stack(0x000000013102d000,0x000000013112d000)]
  0x00007fc6cb976800 JavaThread "Thread-21" [_thread_in_native, id=12811, stack(0x0000000130ba1000,0x0000000130ca1000)]
  0x00007fc6cb7b7800 JavaThread "Thread-19" [_thread_in_native, id=63235, stack(0x00000001918c7000,0x00000001919c7000)]
  0x00007fc6cb7c2800 JavaThread "Thread-18" [_thread_in_native, id=62607, stack(0x00000001917c4000,0x00000001918c4000)]
  0x00007fc6cbe5d800 JavaThread "tile-pool-0" daemon [_thread_blocked, id=61455, stack(0x0000000131150000,0x0000000131250000)]
  0x00007fc6cb8b4000 JavaThread "Prism Font Disposer" daemon [_thread_blocked, id=53783, stack(0x000000012d195000,0x000000012d295000)]
  0x00007fc6cc23a000 JavaThread "AWT-EventQueue-0" [_thread_blocked, id=51971, stack(0x000000012ca56000,0x000000012cb56000)]
  0x00007fc6cc239000 JavaThread "AWT-Shutdown" [_thread_blocked, id=51459, stack(0x000000012c953000,0x000000012ca53000)]
  0x00007fc6cb36d000 JavaThread "Java2D Disposer" daemon [_thread_blocked, id=49427, stack(0x000000012c4f8000,0x000000012c5f8000)]
  0x00007fc6cb2e4000 JavaThread "Java2D Queue Flusher" daemon [_thread_blocked, id=50183, stack(0x000000012bb85000,0x000000012bc85000)]
  0x00007fc6cbac7800 JavaThread "JavaFX-Launcher" [_thread_blocked, id=44291, stack(0x000000012a5cf000,0x000000012a6cf000)]
  0x00007fc6cbabf000 JavaThread "Thread-3" daemon [_thread_in_native, id=35591, stack(0x0000000129401000,0x0000000129481000)]
=>0x00007fc6cba7c800 JavaThread "JavaFX Application Thread" [_thread_in_native, id=1811, stack(0x00007fff50a80000,0x00007fff51280000)]
  0x00007fc6cc03d800 JavaThread "Thread-1" daemon [_thread_blocked, id=23839, stack(0x0000000126b44000,0x0000000126c44000)]
  0x00007fc6cc01d800 JavaThread "QuantumRenderer-0" daemon [_thread_blocked, id=19203, stack(0x0000000125ed2000,0x0000000125fd2000)]
  0x00007fc6cb8a8000 JavaThread "Service Thread" daemon [_thread_blocked, id=18179, stack(0x0000000125bdb000,0x0000000125cdb000)]
  0x00007fc6ca81c800 JavaThread "C1 CompilerThread2" daemon [_thread_blocked, id=17667, stack(0x0000000125ad8000,0x0000000125bd8000)]
  0x00007fc6cb8a7000 JavaThread "C2 CompilerThread1" daemon [_thread_blocked, id=17155, stack(0x00000001259d5000,0x0000000125ad5000)]
  0x00007fc6cb028000 JavaThread "C2 CompilerThread0" daemon [_thread_blocked, id=16643, stack(0x00000001258d2000,0x00000001259d2000)]
  0x00007fc6ca80a800 JavaThread "Signal Dispatcher" daemon [_thread_blocked, id=13847, stack(0x00000001257cf000,0x00000001258cf000)]
  0x00007fc6cc006800 JavaThread "Finalizer" daemon [_thread_blocked, id=11523, stack(0x0000000123db1000,0x0000000123eb1000)]
  0x00007fc6cb802000 JavaThread "Reference Handler" daemon [_thread_blocked, id=11011, stack(0x0000000123cae000,0x0000000123dae000)]
  0x00007fc6cb803000 JavaThread "main" [_thread_blocked, id=4867, stack(0x000000010fa3e000,0x000000010fb3e000)]

Other Threads:
  0x00007fc6ca80d800 VMThread [stack: 0x0000000123bab000,0x0000000123cab000] [id=10499]
  0x00007fc6cb027800 WatcherThread [stack: 0x0000000125cde000,0x0000000125dde000] [id=18691]

VM state:not at safepoint (normal execution)

VM Mutex/Monitor currently owned by a thread: None

Heap:
 PSYoungGen      total 27648K, used 11837K [0x00000007aab00000, 0x00000007ac700000, 0x00000007c0000000)
  eden space 27136K, 42% used [0x00000007aab00000,0x00000007ab637560,0x00000007ac580000)
  from space 512K, 68% used [0x00000007ac600000,0x00000007ac658000,0x00000007ac680000)
  to   space 512K, 0% used [0x00000007ac680000,0x00000007ac680000,0x00000007ac700000)
 ParOldGen       total 91648K, used 58512K [0x0000000780000000, 0x0000000785980000, 0x00000007aab00000)
  object space 91648K, 63% used [0x0000000780000000,0x0000000783924058,0x0000000785980000)
 Metaspace       used 31780K, capacity 33526K, committed 33792K, reserved 1079296K
  class space    used 4231K, capacity 4546K, committed 4608K, reserved 1048576K

Card table byte_map: [0x000000011f7c0000,0x000000011f9c1000] byte_map_base: 0x000000011bbc0000

Marking Bits: (ParMarkBitMap*) 0x000000010f3725d0
 Begin Bits: [0x000000011ff23000, 0x0000000120f23000)
 End Bits:   [0x0000000120f23000, 0x0000000121f23000)

Polling page: 0x000000010fb83000

CodeCache: size=245760Kb used=20512Kb max_used=20631Kb free=225247Kb
 bounds [0x0000000110400000, 0x0000000111850000, 0x000000011f400000]
 total_blobs=7046 nmethods=6176 adapters=780
 compilation: enabled

Compilation events (10 events):
Event: 547.860 Thread 0x00007fc6ca81c800 7634       3       javafx.scene.Node::resizeRelocate (15 bytes)
Event: 547.860 Thread 0x00007fc6ca81c800 nmethod 7634 0x00000001117f9d10 code [0x00000001117f9e80, 0x00000001117fa158]
Event: 547.865 Thread 0x00007fc6cb8a7000 7635   !   4       com.sun.javafx.sg.prism.NGGroup::renderContent (436 bytes)
Event: 547.908 Thread 0x00007fc6cb8a7000 nmethod 7635 0x000000011078cb50 code [0x000000011078ce20, 0x000000011078dce8]
Event: 547.984 Thread 0x00007fc6cb028000 7636       4       sun.java2d.SurfaceData::getFillCompositeType (32 bytes)
Event: 547.985 Thread 0x00007fc6cb028000 nmethod 7636 0x0000000110a288d0 code [0x0000000110a28a20, 0x0000000110a28ab8]
Event: 547.996 Thread 0x00007fc6cb8a7000 7637       4       radio_module.RadioModule::getRadioRangeRadius (5 bytes)
Event: 547.997 Thread 0x00007fc6cb8a7000 nmethod 7637 0x0000000110ec74d0 code [0x0000000110ec7620, 0x0000000110ec7678]
Event: 548.000 Thread 0x00007fc6cb028000 7638       4       sun.java2d.SurfaceData::getMaskFill (24 bytes)
Event: 548.009 Thread 0x00007fc6cb028000 nmethod 7638 0x000000011078fc90 code [0x000000011078fe40, 0x0000000110790458]

GC Heap History (10 events):
Event: 538.957 GC heap before
{Heap before GC invocations=273 (full 2):
 PSYoungGen      total 28160K, used 27520K [0x00000007aab00000, 0x00000007ac780000, 0x00000007c0000000)
  eden space 27136K, 100% used [0x00000007aab00000,0x00000007ac580000,0x00000007ac580000)
  from space 1024K, 37% used [0x00000007ac680000,0x00000007ac6e0000,0x00000007ac780000)
  to   space 1024K, 0% used [0x00000007ac580000,0x00000007ac580000,0x00000007ac680000)
 ParOldGen       total 91648K, used 58488K [0x0000000780000000, 0x0000000785980000, 0x00000007aab00000)
  object space 91648K, 63% used [0x0000000780000000,0x000000078391e058,0x0000000785980000)
 Metaspace       used 31772K, capacity 33508K, committed 33792K, reserved 1079296K
  class space    used 4229K, capacity 4543K, committed 4608K, reserved 1048576K
Event: 538.959 GC heap after
Heap after GC invocations=273 (full 2):
 PSYoungGen      total 28160K, used 352K [0x00000007aab00000, 0x00000007ac780000, 0x00000007c0000000)
  eden space 27136K, 0% used [0x00000007aab00000,0x00000007aab00000,0x00000007ac580000)
  from space 1024K, 34% used [0x00000007ac580000,0x00000007ac5d8000,0x00000007ac680000)
  to   space 1024K, 0% used [0x00000007ac680000,0x00000007ac680000,0x00000007ac780000)
 ParOldGen       total 91648K, used 58496K [0x0000000780000000, 0x0000000785980000, 0x00000007aab00000)
  object space 91648K, 63% used [0x0000000780000000,0x0000000783920058,0x0000000785980000)
 Metaspace       used 31772K, capacity 33508K, committed 33792K, reserved 1079296K
  class space    used 4229K, capacity 4543K, committed 4608K, reserved 1048576K
}
Event: 540.555 GC heap before
{Heap before GC invocations=274 (full 2):
 PSYoungGen      total 28160K, used 27488K [0x00000007aab00000, 0x00000007ac780000, 0x00000007c0000000)
  eden space 27136K, 100% used [0x00000007aab00000,0x00000007ac580000,0x00000007ac580000)
  from space 1024K, 34% used [0x00000007ac580000,0x00000007ac5d8000,0x00000007ac680000)
  to   space 1024K, 0% used [0x00000007ac680000,0x00000007ac680000,0x00000007ac780000)
 ParOldGen       total 91648K, used 58496K [0x0000000780000000, 0x0000000785980000, 0x00000007aab00000)
  object space 91648K, 63% used [0x0000000780000000,0x0000000783920058,0x0000000785980000)
 Metaspace       used 31772K, capacity 33508K, committed 33792K, reserved 1079296K
  class space    used 4229K, capacity 4543K, committed 4608K, reserved 1048576K
Event: 540.558 GC heap after
Heap after GC invocations=274 (full 2):
 PSYoungGen      total 28160K, used 384K [0x00000007aab00000, 0x00000007ac780000, 0x00000007c0000000)
  eden space 27136K, 0% used [0x00000007aab00000,0x00000007aab00000,0x00000007ac580000)
  from space 1024K, 37% used [0x00000007ac680000,0x00000007ac6e0000,0x00000007ac780000)
  to   space 1024K, 0% used [0x00000007ac580000,0x00000007ac580000,0x00000007ac680000)
 ParOldGen       total 91648K, used 58496K [0x0000000780000000, 0x0000000785980000, 0x00000007aab00000)
  object space 91648K, 63% used [0x0000000780000000,0x0000000783920058,0x0000000785980000)
 Metaspace       used 31772K, capacity 33508K, committed 33792K, reserved 1079296K
  class space    used 4229K, capacity 4543K, committed 4608K, reserved 1048576K
}
Event: 542.080 GC heap before
{Heap before GC invocations=275 (full 2):
 PSYoungGen      total 28160K, used 27520K [0x00000007aab00000, 0x00000007ac780000, 0x00000007c0000000)
  eden space 27136K, 100% used [0x00000007aab00000,0x00000007ac580000,0x00000007ac580000)
  from space 1024K, 37% used [0x00000007ac680000,0x00000007ac6e0000,0x00000007ac780000)
  to   space 1024K, 0% used [0x00000007ac580000,0x00000007ac580000,0x00000007ac680000)
 ParOldGen       total 91648K, used 58496K [0x0000000780000000, 0x0000000785980000, 0x00000007aab00000)
  object space 91648K, 63% used [0x0000000780000000,0x0000000783920058,0x0000000785980000)
 Metaspace       used 31772K, capacity 33508K, committed 33792K, reserved 1079296K
  class space    used 4229K, capacity 4543K, committed 4608K, reserved 1048576K
Event: 542.082 GC heap after
Heap after GC invocations=275 (full 2):
 PSYoungGen      total 28160K, used 384K [0x00000007aab00000, 0x00000007ac780000, 0x00000007c0000000)
  eden space 27136K, 0% used [0x00000007aab00000,0x00000007aab00000,0x00000007ac580000)
  from space 1024K, 37% used [0x00000007ac580000,0x00000007ac5e0000,0x00000007ac680000)
  to   space 1024K, 0% used [0x00000007ac680000,0x00000007ac680000,0x00000007ac780000)
 ParOldGen       total 91648K, used 58512K [0x0000000780000000, 0x0000000785980000, 0x00000007aab00000)
  object space 91648K, 63% used [0x0000000780000000,0x0000000783924058,0x0000000785980000)
 Metaspace       used 31772K, capacity 33508K, committed 33792K, reserved 1079296K
  class space    used 4229K, capacity 4543K, committed 4608K, reserved 1048576K
}
Event: 543.632 GC heap before
{Heap before GC invocations=276 (full 2):
 PSYoungGen      total 28160K, used 27520K [0x00000007aab00000, 0x00000007ac780000, 0x00000007c0000000)
  eden space 27136K, 100% used [0x00000007aab00000,0x00000007ac580000,0x00000007ac580000)
  from space 1024K, 37% used [0x00000007ac580000,0x00000007ac5e0000,0x00000007ac680000)
  to   space 1024K, 0% used [0x00000007ac680000,0x00000007ac680000,0x00000007ac780000)
 ParOldGen       total 91648K, used 58512K [0x0000000780000000, 0x0000000785980000, 0x00000007aab00000)
  object space 91648K, 63% used [0x0000000780000000,0x0000000783924058,0x0000000785980000)
 Metaspace       used 31772K, capacity 33508K, committed 33792K, reserved 1079296K
  class space    used 4229K, capacity 4543K, committed 4608K, reserved 1048576K
Event: 543.635 GC heap after
Heap after GC invocations=276 (full 2):
 PSYoungGen      total 27648K, used 384K [0x00000007aab00000, 0x00000007ac700000, 0x00000007c0000000)
  eden space 27136K, 0% used [0x00000007aab00000,0x00000007aab00000,0x00000007ac580000)
  from space 512K, 75% used [0x00000007ac680000,0x00000007ac6e0000,0x00000007ac700000)
  to   space 512K, 0% used [0x00000007ac600000,0x00000007ac600000,0x00000007ac680000)
 ParOldGen       total 91648K, used 58512K [0x0000000780000000, 0x0000000785980000, 0x00000007aab00000)
  object space 91648K, 63% used [0x0000000780000000,0x0000000783924058,0x0000000785980000)
 Metaspace       used 31772K, capacity 33508K, committed 33792K, reserved 1079296K
  class space    used 4229K, capacity 4543K, committed 4608K, reserved 1048576K
}
Event: 546.348 GC heap before
{Heap before GC invocations=277 (full 2):
 PSYoungGen      total 27648K, used 27520K [0x00000007aab00000, 0x00000007ac700000, 0x00000007c0000000)
  eden space 27136K, 100% used [0x00000007aab00000,0x00000007ac580000,0x00000007ac580000)
  from space 512K, 75% used [0x00000007ac680000,0x00000007ac6e0000,0x00000007ac700000)
  to   space 512K, 0% used [0x00000007ac600000,0x00000007ac600000,0x00000007ac680000)
 ParOldGen       total 91648K, used 58512K [0x0000000780000000, 0x0000000785980000, 0x00000007aab00000)
  object space 91648K, 63% used [0x0000000780000000,0x0000000783924058,0x0000000785980000)
 Metaspace       used 31772K, capacity 33508K, committed 33792K, reserved 1079296K
  class space    used 4229K, capacity 4543K, committed 4608K, reserved 1048576K
Event: 546.351 GC heap after
Heap after GC invocations=277 (full 2):
 PSYoungGen      total 27648K, used 352K [0x00000007aab00000, 0x00000007ac700000, 0x00000007c0000000)
  eden space 27136K, 0% used [0x00000007aab00000,0x00000007aab00000,0x00000007ac580000)
  from space 512K, 68% used [0x00000007ac600000,0x00000007ac658000,0x00000007ac680000)
  to   space 512K, 0% used [0x00000007ac680000,0x00000007ac680000,0x00000007ac700000)
 ParOldGen       total 91648K, used 58512K [0x0000000780000000, 0x0000000785980000, 0x00000007aab00000)
  object space 91648K, 63% used [0x0000000780000000,0x0000000783924058,0x0000000785980000)
 Metaspace       used 31772K, capacity 33508K, committed 33792K, reserved 1079296K
  class space    used 4229K, capacity 4543K, committed 4608K, reserved 1048576K
}

Deoptimization events (10 events):
Event: 547.998 Thread 0x00007fc6cc23a000 Uncommon trap: reason=bimorphic action=maybe_recompile pc=0x000000011155e054 method=sun.java2d.SunGraphics2D.drawString(Ljava/lang/String;II)V @ 68
Event: 547.999 Thread 0x00007fc6cc23a000 Uncommon trap: reason=class_check action=maybe_recompile pc=0x000000011162ab5c method=sun.java2d.pipe.PixelToShapeConverter.fillOval(Lsun/java2d/SunGraphics2D;IIII)V @ 22
Event: 547.999 Thread 0x00007fc6cc23a000 Uncommon trap: reason=class_check action=maybe_recompile pc=0x000000011162635c method=sun.java2d.pipe.PixelToShapeConverter.drawOval(Lsun/java2d/SunGraphics2D;IIII)V @ 22
Event: 548.000 Thread 0x00007fc6cc23a000 Uncommon trap: reason=class_check action=maybe_recompile pc=0x000000011162ab5c method=sun.java2d.pipe.PixelToShapeConverter.fillOval(Lsun/java2d/SunGraphics2D;IIII)V @ 22
Event: 548.000 Thread 0x00007fc6cc23a000 Uncommon trap: reason=class_check action=maybe_recompile pc=0x000000011162635c method=sun.java2d.pipe.PixelToShapeConverter.drawOval(Lsun/java2d/SunGraphics2D;IIII)V @ 22
Event: 548.004 Thread 0x00007fc6cc23a000 Uncommon trap: reason=class_check action=maybe_recompile pc=0x00000001115518dc method=sun.java2d.pipe.PixelToShapeConverter.fillArc(Lsun/java2d/SunGraphics2D;IIIIII)V @ 29
Event: 548.004 Thread 0x00007fc6cc23a000 Uncommon trap: reason=class_check action=maybe_recompile pc=0x00000001115518dc method=sun.java2d.pipe.PixelToShapeConverter.fillArc(Lsun/java2d/SunGraphics2D;IIIIII)V @ 29
Event: 548.004 Thread 0x00007fc6cc23a000 Uncommon trap: reason=class_check action=maybe_recompile pc=0x000000011155187c method=sun.java2d.pipe.PixelToShapeConverter.fillArc(Lsun/java2d/SunGraphics2D;IIIIII)V @ 29
Event: 548.004 Thread 0x00007fc6cc23a000 Uncommon trap: reason=class_check action=maybe_recompile pc=0x00000001115518dc method=sun.java2d.pipe.PixelToShapeConverter.fillArc(Lsun/java2d/SunGraphics2D;IIIIII)V @ 29
Event: 548.005 Thread 0x00007fc6cb2e4000 Uncommon trap: reason=unstable_if action=reinterpret pc=0x0000000110e86a98 method=sun.java2d.opengl.OGLRenderQueue.flushBuffer()V @ 9

Internal exceptions (10 events):
Event: 64.706 Thread 0x00007fc6cba7c800 Implicit null exception at 0x0000000111462f49 to 0x0000000111465575
Event: 442.638 Thread 0x00007fc6cba7c800 Implicit null exception at 0x00000001115e85e5 to 0x00000001115e8f5d
Event: 447.784 Thread 0x00007fc6cc01d800 Implicit null exception at 0x0000000110a737b5 to 0x0000000110a73c75
Event: 448.556 Thread 0x00007fc6cba7c800 Implicit null exception at 0x00000001117439ce to 0x000000011174d38d
Event: 448.556 Thread 0x00007fc6cba7c800 Implicit null exception at 0x000000011116b23c to 0x0000000111174bbd
Event: 448.629 Thread 0x00007fc6cc01d800 Implicit null exception at 0x0000000110e98f72 to 0x0000000110e9a5c1
Event: 510.489 Thread 0x00007fc6cba7c800 Implicit null exception at 0x0000000110fa77ec to 0x0000000110fa7fd9
Event: 510.489 Thread 0x00007fc6cba7c800 Implicit null exception at 0x00000001112a8c7c to 0x00000001112a962d
Event: 510.490 Thread 0x00007fc6cba7c800 Implicit null exception at 0x000000011154574e to 0x0000000111547f7d
Event: 510.504 Thread 0x00007fc6cba7c800 Implicit null exception at 0x0000000110dbb40b to 0x0000000110dbb469

Events (10 events):
Event: 548.004 Thread 0x00007fc6cc23a000 DEOPT UNPACKING pc=0x0000000110405229 sp=0x000000012cb52288 mode 2
Event: 548.004 Thread 0x00007fc6cc23a000 Uncommon trap: trap_request=0xffffffde fr.pc=0x000000011155187c
Event: 548.004 Thread 0x00007fc6cc23a000 DEOPT PACKING pc=0x000000011155187c sp=0x000000012cb52430
Event: 548.004 Thread 0x00007fc6cc23a000 DEOPT UNPACKING pc=0x0000000110405229 sp=0x000000012cb52288 mode 2
Event: 548.004 Thread 0x00007fc6cc23a000 Uncommon trap: trap_request=0xffffffde fr.pc=0x00000001115518dc
Event: 548.004 Thread 0x00007fc6cc23a000 DEOPT PACKING pc=0x00000001115518dc sp=0x000000012cb52430
Event: 548.004 Thread 0x00007fc6cc23a000 DEOPT UNPACKING pc=0x0000000110405229 sp=0x000000012cb52288 mode 2
Event: 548.005 Thread 0x00007fc6cb2e4000 Uncommon trap: trap_request=0xffffff65 fr.pc=0x0000000110e86a98
Event: 548.005 Thread 0x00007fc6cb2e4000 DEOPT PACKING pc=0x0000000110e86a98 sp=0x000000012bc84910
Event: 548.005 Thread 0x00007fc6cb2e4000 DEOPT UNPACKING pc=0x0000000110405229 sp=0x000000012bc84818 mode 2


Dynamic libraries:
0x000000000d3f6000 	/System/Library/Frameworks/Cocoa.framework/Versions/A/Cocoa
0x000000000d3f6000 	/System/Library/Frameworks/Security.framework/Versions/A/Security
0x000000000d3f6000 	/System/Library/Frameworks/ApplicationServices.framework/Versions/A/ApplicationServices
0x000000000d3f6000 	/usr/lib/libz.1.dylib
0x000000000d3f6000 	/usr/lib/libSystem.B.dylib
0x000000000d3f6000 	/usr/lib/libobjc.A.dylib
0x000000000d3f6000 	/System/Library/Frameworks/CoreFoundation.framework/Versions/A/CoreFoundation
0x000000000d3f6000 	/System/Library/Frameworks/Foundation.framework/Versions/C/Foundation
0x000000000d3f6000 	/System/Library/Frameworks/AppKit.framework/Versions/C/AppKit
0x000000000d3f6000 	/System/Library/Frameworks/CoreData.framework/Versions/A/CoreData
0x000000000d3f6000 	/System/Library/PrivateFrameworks/RemoteViewServices.framework/Versions/A/RemoteViewServices
0x000000000d3f6000 	/System/Library/PrivateFrameworks/UIFoundation.framework/Versions/A/UIFoundation
0x000000000d3f6000 	/System/Library/Frameworks/IOSurface.framework/Versions/A/IOSurface
0x000000000d3f6000 	/System/Library/Frameworks/AudioToolbox.framework/Versions/A/AudioToolbox
0x000000000d3f6000 	/System/Library/Frameworks/AudioUnit.framework/Versions/A/AudioUnit
0x000000000d3f6000 	/System/Library/PrivateFrameworks/DataDetectorsCore.framework/Versions/A/DataDetectorsCore
0x000000000d3f6000 	/System/Library/PrivateFrameworks/DesktopServicesPriv.framework/Versions/A/DesktopServicesPriv
0x000000000d3f6000 	/System/Library/Frameworks/Carbon.framework/Versions/A/Frameworks/HIToolbox.framework/Versions/A/HIToolbox
0x000000000d3f6000 	/System/Library/Frameworks/QuartzCore.framework/Versions/A/QuartzCore
0x000000000d3f6000 	/System/Library/Frameworks/Carbon.framework/Versions/A/Frameworks/SpeechRecognition.framework/Versions/A/SpeechRecognition
0x000000000d3f6000 	/usr/lib/libauto.dylib
0x000000000d3f6000 	/usr/lib/libicucore.A.dylib
0x000000000d3f6000 	/usr/lib/libxml2.2.dylib
0x000000000d3f6000 	/System/Library/PrivateFrameworks/CoreUI.framework/Versions/A/CoreUI
0x000000000d3f6000 	/System/Library/Frameworks/CoreAudio.framework/Versions/A/CoreAudio
0x000000000d3f6000 	/System/Library/Frameworks/DiskArbitration.framework/Versions/A/DiskArbitration
0x000000000d3f6000 	/usr/lib/liblangid.dylib
0x000000000d3f6000 	/System/Library/PrivateFrameworks/MultitouchSupport.framework/Versions/A/MultitouchSupport
0x000000000d3f6000 	/System/Library/Frameworks/IOKit.framework/Versions/A/IOKit
0x000000000d3f6000 	/usr/lib/libDiagnosticMessagesClient.dylib
0x000000000d3f6000 	/System/Library/Frameworks/CoreServices.framework/Versions/A/CoreServices
0x000000000d3f6000 	/System/Library/PrivateFrameworks/PerformanceAnalysis.framework/Versions/A/PerformanceAnalysis
0x000000000d3f6000 	/System/Library/PrivateFrameworks/GenerationalStorage.framework/Versions/A/GenerationalStorage
0x000000000d3f6000 	/System/Library/Frameworks/OpenGL.framework/Versions/A/OpenGL
0x000000000d3f6000 	/System/Library/PrivateFrameworks/Sharing.framework/Versions/A/Sharing
0x000000000d3f6000 	/System/Library/Frameworks/CoreGraphics.framework/Versions/A/CoreGraphics
0x000000000d3f6000 	/System/Library/Frameworks/CoreText.framework/Versions/A/CoreText
0x000000000d3f6000 	/System/Library/Frameworks/ImageIO.framework/Versions/A/ImageIO
0x000000000d3f6000 	/usr/lib/libextension.dylib
0x000000000d3f6000 	/System/Library/PrivateFrameworks/Backup.framework/Versions/A/Backup
0x000000000d3f6000 	/usr/lib/libarchive.2.dylib
0x000000000d3f6000 	/System/Library/Frameworks/CFNetwork.framework/Versions/A/CFNetwork
0x000000000d3f6000 	/System/Library/Frameworks/SystemConfiguration.framework/Versions/A/SystemConfiguration
0x000000000d3f6000 	/usr/lib/libCRFSuite.dylib
0x000000000d3f6000 	/usr/lib/libc++.1.dylib
0x000000000d3f6000 	/usr/lib/libc++abi.dylib
0x000000000d3f6000 	/usr/lib/system/libcache.dylib
0x000000000d3f6000 	/usr/lib/system/libcommonCrypto.dylib
0x000000000d3f6000 	/usr/lib/system/libcompiler_rt.dylib
0x000000000d3f6000 	/usr/lib/system/libcopyfile.dylib
0x000000000d3f6000 	/usr/lib/system/libcorecrypto.dylib
0x000000000d3f6000 	/usr/lib/system/libdispatch.dylib
0x000000000d3f6000 	/usr/lib/system/libdyld.dylib
0x000000000d3f6000 	/usr/lib/system/libkeymgr.dylib
0x000000000d3f6000 	/usr/lib/system/liblaunch.dylib
0x000000000d3f6000 	/usr/lib/system/libmacho.dylib
0x000000000d3f6000 	/usr/lib/system/libquarantine.dylib
0x000000000d3f6000 	/usr/lib/system/libremovefile.dylib
0x000000000d3f6000 	/usr/lib/system/libsystem_asl.dylib
0x000000000d3f6000 	/usr/lib/system/libsystem_blocks.dylib
0x000000000d3f6000 	/usr/lib/system/libsystem_c.dylib
0x000000000d3f6000 	/usr/lib/system/libsystem_configuration.dylib
0x000000000d3f6000 	/usr/lib/system/libsystem_coreservices.dylib
0x000000000d3f6000 	/usr/lib/system/libsystem_coretls.dylib
0x000000000d3f6000 	/usr/lib/system/libsystem_dnssd.dylib
0x000000000d3f6000 	/usr/lib/system/libsystem_info.dylib
0x000000000d3f6000 	/usr/lib/system/libsystem_kernel.dylib
0x000000000d3f6000 	/usr/lib/system/libsystem_m.dylib
0x000000000d3f6000 	/usr/lib/system/libsystem_malloc.dylib
0x000000000d3f6000 	/usr/lib/system/libsystem_network.dylib
0x000000000d3f6000 	/usr/lib/system/libsystem_networkextension.dylib
0x000000000d3f6000 	/usr/lib/system/libsystem_notify.dylib
0x000000000d3f6000 	/usr/lib/system/libsystem_platform.dylib
0x000000000d3f6000 	/usr/lib/system/libsystem_pthread.dylib
0x000000000d3f6000 	/usr/lib/system/libsystem_sandbox.dylib
0x000000000d3f6000 	/usr/lib/system/libsystem_secinit.dylib
0x000000000d3f6000 	/usr/lib/system/libsystem_stats.dylib
0x000000000d3f6000 	/usr/lib/system/libsystem_trace.dylib
0x000000000d3f6000 	/usr/lib/system/libunc.dylib
0x000000000d3f6000 	/usr/lib/system/libunwind.dylib
0x000000000d3f6000 	/usr/lib/system/libxpc.dylib
0x000000000d3f6000 	/usr/lib/libbz2.1.0.dylib
0x000000000d3f6000 	/usr/lib/liblzma.5.dylib
0x000000000d3f6000 	/usr/lib/libbsm.0.dylib
0x000000000d3f6000 	/usr/lib/libsqlite3.dylib
0x000000000d3f6000 	/usr/lib/system/libkxld.dylib
0x000000000d3f6000 	/usr/lib/libxar.1.dylib
0x000000000d3f6000 	/usr/lib/libpam.2.dylib
0x000000000d3f6000 	/usr/lib/libOpenScriptingUtil.dylib
0x000000000d3f6000 	/System/Library/Frameworks/CoreServices.framework/Versions/A/Frameworks/FSEvents.framework/Versions/A/FSEvents
0x000000000d3f6000 	/System/Library/Frameworks/CoreServices.framework/Versions/A/Frameworks/CarbonCore.framework/Versions/A/CarbonCore
0x000000000d3f6000 	/System/Library/Frameworks/CoreServices.framework/Versions/A/Frameworks/Metadata.framework/Versions/A/Metadata
0x000000000d3f6000 	/System/Library/Frameworks/CoreServices.framework/Versions/A/Frameworks/OSServices.framework/Versions/A/OSServices
0x000000000d3f6000 	/System/Library/Frameworks/CoreServices.framework/Versions/A/Frameworks/SearchKit.framework/Versions/A/SearchKit
0x000000000d3f6000 	/System/Library/Frameworks/CoreServices.framework/Versions/A/Frameworks/AE.framework/Versions/A/AE
0x000000000d3f6000 	/System/Library/Frameworks/CoreServices.framework/Versions/A/Frameworks/LaunchServices.framework/Versions/A/LaunchServices
0x000000000d3f6000 	/System/Library/Frameworks/CoreServices.framework/Versions/A/Frameworks/DictionaryServices.framework/Versions/A/DictionaryServices
0x000000000d3f6000 	/System/Library/Frameworks/NetFS.framework/Versions/A/NetFS
0x000000000d3f6000 	/System/Library/PrivateFrameworks/NetAuth.framework/Versions/A/NetAuth
0x000000000d3f6000 	/System/Library/PrivateFrameworks/login.framework/Versions/A/Frameworks/loginsupport.framework/Versions/A/loginsupport
0x000000000d3f6000 	/System/Library/PrivateFrameworks/TCC.framework/Versions/A/TCC
0x000000000d3f6000 	/usr/lib/libmecabra.dylib
0x000000000d3f6000 	/System/Library/Frameworks/ApplicationServices.framework/Versions/A/Frameworks/ATS.framework/Versions/A/ATS
0x000000000d3f6000 	/System/Library/Frameworks/ApplicationServices.framework/Versions/A/Frameworks/ColorSync.framework/Versions/A/ColorSync
0x000000000d3f6000 	/System/Library/Frameworks/ApplicationServices.framework/Versions/A/Frameworks/HIServices.framework/Versions/A/HIServices
0x000000000d3f6000 	/System/Library/Frameworks/ApplicationServices.framework/Versions/A/Frameworks/LangAnalysis.framework/Versions/A/LangAnalysis
0x000000000d3f6000 	/System/Library/Frameworks/ApplicationServices.framework/Versions/A/Frameworks/PrintCore.framework/Versions/A/PrintCore
0x000000000d3f6000 	/System/Library/Frameworks/ApplicationServices.framework/Versions/A/Frameworks/QD.framework/Versions/A/QD
0x000000000d3f6000 	/System/Library/Frameworks/ApplicationServices.framework/Versions/A/Frameworks/SpeechSynthesis.framework/Versions/A/SpeechSynthesis
0x000000000d3f6000 	/System/Library/Frameworks/Accelerate.framework/Versions/A/Accelerate
0x000000000d3f6000 	/System/Library/Frameworks/Accelerate.framework/Versions/A/Frameworks/vImage.framework/Versions/A/vImage
0x000000000d3f6000 	/System/Library/Frameworks/Accelerate.framework/Versions/A/Frameworks/vecLib.framework/Versions/A/vecLib
0x000000000d3f6000 	/System/Library/Frameworks/Accelerate.framework/Versions/A/Frameworks/vecLib.framework/Versions/A/libvDSP.dylib
0x000000000d3f6000 	/System/Library/Frameworks/Accelerate.framework/Versions/A/Frameworks/vecLib.framework/Versions/A/libvMisc.dylib
0x000000000d3f6000 	/System/Library/Frameworks/Accelerate.framework/Versions/A/Frameworks/vecLib.framework/Versions/A/libLAPACK.dylib
0x000000000d3f6000 	/System/Library/Frameworks/Accelerate.framework/Versions/A/Frameworks/vecLib.framework/Versions/A/libBLAS.dylib
0x000000000d3f6000 	/System/Library/Frameworks/Accelerate.framework/Versions/A/Frameworks/vecLib.framework/Versions/A/libLinearAlgebra.dylib
0x000000000d3f6000 	/System/Library/Frameworks/ApplicationServices.framework/Versions/A/Frameworks/ATS.framework/Versions/A/Resources/libFontParser.dylib
0x000000000d3f6000 	/System/Library/Frameworks/ApplicationServices.framework/Versions/A/Frameworks/ATS.framework/Versions/A/Resources/libFontRegistry.dylib
0x000000000d3f6000 	/System/Library/PrivateFrameworks/AppleVPA.framework/Versions/A/AppleVPA
0x000000000d3f6000 	/System/Library/PrivateFrameworks/AppleJPEG.framework/Versions/A/AppleJPEG
0x000000000d3f6000 	/System/Library/Frameworks/ImageIO.framework/Versions/A/Resources/libJPEG.dylib
0x000000000d3f6000 	/System/Library/Frameworks/ImageIO.framework/Versions/A/Resources/libTIFF.dylib
0x000000000d3f6000 	/System/Library/Frameworks/ImageIO.framework/Versions/A/Resources/libPng.dylib
0x000000000d3f6000 	/System/Library/Frameworks/ImageIO.framework/Versions/A/Resources/libGIF.dylib
0x000000000d3f6000 	/System/Library/Frameworks/ImageIO.framework/Versions/A/Resources/libJP2.dylib
0x000000000d3f6000 	/System/Library/Frameworks/ImageIO.framework/Versions/A/Resources/libRadiance.dylib
0x000000000d3f6000 	/System/Library/Frameworks/CoreVideo.framework/Versions/A/CoreVideo
0x000000000d3f6000 	/System/Library/Frameworks/OpenGL.framework/Versions/A/Libraries/libGLU.dylib
0x000000000d3f6000 	/System/Library/Frameworks/OpenGL.framework/Versions/A/Libraries/libGFXShared.dylib
0x000000000d3f6000 	/System/Library/Frameworks/OpenGL.framework/Versions/A/Libraries/libGL.dylib
0x000000000d3f6000 	/System/Library/Frameworks/OpenGL.framework/Versions/A/Libraries/libGLImage.dylib
0x000000000d3f6000 	/System/Library/Frameworks/OpenGL.framework/Versions/A/Libraries/libCVMSPluginSupport.dylib
0x000000000d3f6000 	/System/Library/Frameworks/OpenGL.framework/Versions/A/Libraries/libCoreVMClient.dylib
0x000000000d3f6000 	/usr/lib/libcups.2.dylib
0x000000000d3f6000 	/System/Library/Frameworks/Kerberos.framework/Versions/A/Kerberos
0x000000000d3f6000 	/System/Library/Frameworks/GSS.framework/Versions/A/GSS
0x000000000d3f6000 	/usr/lib/libresolv.9.dylib
0x000000000d3f6000 	/usr/lib/libiconv.2.dylib
0x000000000d3f6000 	/System/Library/PrivateFrameworks/Heimdal.framework/Versions/A/Heimdal
0x000000000d3f6000 	/usr/lib/libheimdal-asn1.dylib
0x000000000d3f6000 	/System/Library/Frameworks/OpenDirectory.framework/Versions/A/OpenDirectory
0x000000000d3f6000 	/System/Library/PrivateFrameworks/CommonAuth.framework/Versions/A/CommonAuth
0x000000000d3f6000 	/System/Library/Frameworks/OpenDirectory.framework/Versions/A/Frameworks/CFOpenDirectory.framework/Versions/A/CFOpenDirectory
0x000000000d3f6000 	/System/Library/Frameworks/SecurityFoundation.framework/Versions/A/SecurityFoundation
0x000000000d3f6000 	/System/Library/PrivateFrameworks/LanguageModeling.framework/Versions/A/LanguageModeling
0x000000000d3f6000 	/usr/lib/libcmph.dylib
0x000000000d3f6000 	/System/Library/Frameworks/ServiceManagement.framework/Versions/A/ServiceManagement
0x000000000d3f6000 	/usr/lib/libxslt.1.dylib
0x000000000d3f6000 	/System/Library/Frameworks/Carbon.framework/Versions/A/Frameworks/Ink.framework/Versions/A/Ink
0x000000000d3f6000 	/System/Library/Frameworks/QuartzCore.framework/Versions/A/Frameworks/CoreImage.framework/Versions/A/CoreImage
0x000000000d3f6000 	/System/Library/PrivateFrameworks/CrashReporterSupport.framework/Versions/A/CrashReporterSupport
0x000000000d3f6000 	/System/Library/Frameworks/OpenCL.framework/Versions/A/OpenCL
0x000000000d3f6000 	/System/Library/PrivateFrameworks/FaceCore.framework/Versions/A/FaceCore
0x000000000d3f6000 	/System/Library/PrivateFrameworks/Ubiquity.framework/Versions/A/Ubiquity
0x000000000d3f6000 	/System/Library/PrivateFrameworks/IconServices.framework/Versions/A/IconServices
0x000000000d3f6000 	/System/Library/PrivateFrameworks/ChunkingLibrary.framework/Versions/A/ChunkingLibrary
0x000000000d3f6000 	/System/Library/PrivateFrameworks/Apple80211.framework/Versions/A/Apple80211
0x000000000d3f6000 	/System/Library/Frameworks/CoreWLAN.framework/Versions/A/CoreWLAN
0x000000000d3f6000 	/System/Library/Frameworks/IOBluetooth.framework/Versions/A/IOBluetooth
0x000000000d3f6000 	/System/Library/PrivateFrameworks/CoreWiFi.framework/Versions/A/CoreWiFi
0x000000000d3f6000 	/System/Library/Frameworks/CoreBluetooth.framework/Versions/A/CoreBluetooth
0x000000000d3f6000 	/System/Library/PrivateFrameworks/DebugSymbols.framework/Versions/A/DebugSymbols
0x000000000d3f6000 	/System/Library/PrivateFrameworks/CoreSymbolication.framework/Versions/A/CoreSymbolication
0x000000000d3f6000 	/System/Library/PrivateFrameworks/Symbolication.framework/Versions/A/Symbolication
0x000000000d3f6000 	/System/Library/PrivateFrameworks/SpeechRecognitionCore.framework/Versions/A/SpeechRecognitionCore
0x000000010ea7f000 	/Library/Java/JavaVirtualMachines/jdk1.8.0_151.jdk/Contents/Home/jre/lib/server/libjvm.dylib
0x000000000d3f6000 	/usr/lib/libstdc++.6.dylib
0x000000010fb40000 	/Library/Java/JavaVirtualMachines/jdk1.8.0_151.jdk/Contents/Home/jre/lib/libverify.dylib
0x000000010fb4e000 	/Library/Java/JavaVirtualMachines/jdk1.8.0_151.jdk/Contents/Home/jre/lib/libjava.dylib
0x000000010fb8d000 	/Library/Java/JavaVirtualMachines/jdk1.8.0_151.jdk/Contents/Home/jre/lib/libzip.dylib
0x0000000123eb3000 	/System/Library/Frameworks/JavaVM.framework/Frameworks/JavaRuntimeSupport.framework/JavaRuntimeSupport
0x0000000123ecb000 	/System/Library/Frameworks/JavaVM.framework/Versions/A/Frameworks/JavaNativeFoundation.framework/Versions/A/JavaNativeFoundation
0x000000010fbf3000 	/System/Library/Frameworks/JavaVM.framework/Versions/A/JavaVM
0x000000000d3f6000 	/System/Library/Frameworks/Carbon.framework/Versions/A/Carbon
0x0000000123ee0000 	/System/Library/PrivateFrameworks/JavaLaunching.framework/Versions/A/JavaLaunching
0x000000000d3f6000 	/System/Library/Frameworks/Carbon.framework/Versions/A/Frameworks/CommonPanels.framework/Versions/A/CommonPanels
0x000000000d3f6000 	/System/Library/Frameworks/Carbon.framework/Versions/A/Frameworks/Help.framework/Versions/A/Help
0x000000000d3f6000 	/System/Library/Frameworks/Carbon.framework/Versions/A/Frameworks/ImageCapture.framework/Versions/A/ImageCapture
0x000000000d3f6000 	/System/Library/Frameworks/Carbon.framework/Versions/A/Frameworks/OpenScripting.framework/Versions/A/OpenScripting
0x000000000d3f6000 	/System/Library/Frameworks/Carbon.framework/Versions/A/Frameworks/Print.framework/Versions/A/Print
0x000000000d3f6000 	/System/Library/Frameworks/Carbon.framework/Versions/A/Frameworks/SecurityHI.framework/Versions/A/SecurityHI
0x0000000125fd4000 	/Library/Java/JavaVirtualMachines/jdk1.8.0_151.jdk/Contents/Home/jre/lib/libprism_es2.dylib
0x000000000d3f6000 	/System/Library/Frameworks/OpenGL.framework/Versions/A/Resources/GLEngine.bundle/GLEngine
0x000000000d3f6000 	/System/Library/Frameworks/OpenGL.framework/Versions/A/Libraries/libGLProgrammability.dylib
0x0000000126056000 	/System/Library/Extensions/AppleIntelHD4000GraphicsGLDriver.bundle/Contents/MacOS/AppleIntelHD4000GraphicsGLDriver
0x000000000d3f6000 	/System/Library/PrivateFrameworks/IOAccelerator.framework/Versions/A/IOAccelerator
0x000000000d3f6000 	/System/Library/PrivateFrameworks/GPUSupport.framework/Versions/A/Libraries/libGPUSupportMercury.dylib
0x000000000d3f6000 	/System/Library/Frameworks/OpenGL.framework/Versions/A/Resources/GLRendererFloat.bundle/GLRendererFloat
0x000000000d3f6000 	/System/Library/Frameworks/OpenCL.framework/Versions/A/Libraries/libcldcpuengine.dylib
0x000000000d3f6000 	/System/Library/PrivateFrameworks/DiskImages.framework/Versions/A/DiskImages
0x000000000d3f6000 	/System/Library/Frameworks/DiscRecording.framework/Versions/A/DiscRecording
0x000000000d3f6000 	/usr/lib/libcsfde.dylib
0x000000000d3f6000 	/usr/lib/libcurl.4.dylib
0x000000000d3f6000 	/System/Library/PrivateFrameworks/MediaKit.framework/Versions/A/MediaKit
0x000000000d3f6000 	/System/Library/PrivateFrameworks/ProtectedCloudStorage.framework/Versions/A/ProtectedCloudStorage
0x000000000d3f6000 	/usr/lib/libCoreStorage.dylib
0x000000000d3f6000 	/System/Library/PrivateFrameworks/EFILogin.framework/Versions/A/EFILogin
0x000000000d3f6000 	/usr/lib/libutil.dylib
0x000000000d3f6000 	/System/Library/PrivateFrameworks/FindMyDevice.framework/Versions/A/FindMyDevice
0x000000000d3f6000 	/System/Library/Frameworks/LDAP.framework/Versions/A/LDAP
0x000000000d3f6000 	/usr/lib/libsasl2.2.dylib
0x000000000d3f6000 	/System/Library/PrivateFrameworks/CoreDaemon.framework/Versions/B/CoreDaemon
0x000000000d3f6000 	/usr/lib/libcrypto.0.9.8.dylib
0x000000000d3f6000 	/System/Library/PrivateFrameworks/AppleSRP.framework/Versions/A/AppleSRP
0x000000000d3f6000 	/System/Library/PrivateFrameworks/TrustEvaluationAgent.framework/Versions/A/TrustEvaluationAgent
0x0000000126ae4000 	/Library/Java/JavaVirtualMachines/jdk1.8.0_151.jdk/Contents/Home/jre/lib/libglass.dylib
0x000000000d3f6000 	/System/Library/PrivateFrameworks/CoreServicesInternal.framework/Versions/A/CoreServicesInternal
0x000000000d3f6000 	/System/Library/PrivateFrameworks/CloudDocs.framework/Versions/A/CloudDocs
0x000000000d3f6000 	/System/Library/PrivateFrameworks/CoreDuet.framework/Versions/A/CoreDuet
0x000000000d3f6000 	/System/Library/Frameworks/CloudKit.framework/Versions/A/CloudKit
0x000000000d3f6000 	/System/Library/PrivateFrameworks/ProtocolBuffer.framework/Versions/A/ProtocolBuffer
0x000000000d3f6000 	/System/Library/PrivateFrameworks/CoreDuetDaemonProtocol.framework/Versions/A/CoreDuetDaemonProtocol
0x000000000d3f6000 	/System/Library/PrivateFrameworks/CoreDuetDebugLogging.framework/Versions/A/CoreDuetDebugLogging
0x000000000d3f6000 	/System/Library/PrivateFrameworks/MMCS.framework/Versions/A/MMCS
0x000000000d3f6000 	/System/Library/Frameworks/CoreLocation.framework/Versions/A/CoreLocation
0x000000000d3f6000 	/System/Library/PrivateFrameworks/GeoServices.framework/Versions/A/GeoServices
0x000000000d3f6000 	/System/Library/Frameworks/CoreGraphics.framework/Versions/A/Resources/libCGCMS.A.dylib
0x000000000d3f6000 	/System/Library/CoreServices/RawCamera.bundle/Contents/MacOS/RawCamera
0x000000000d3f6000 	/System/Library/Frameworks/CoreGraphics.framework/Versions/A/Resources/libRIP.A.dylib
0x000000000d3f6000 	/System/Library/PrivateFrameworks/FamilyControls.framework/Versions/A/FamilyControls
0x000000000d3f6000 	/System/Library/PrivateFrameworks/CommerceKit.framework/Versions/A/Frameworks/CommerceCore.framework/Versions/A/CommerceCore
0x000000000d3f6000 	/System/Library/PrivateFrameworks/SystemAdministration.framework/Versions/A/SystemAdministration
0x000000000d3f6000 	/System/Library/PrivateFrameworks/AppContainer.framework/Versions/A/AppContainer
0x000000000d3f6000 	/System/Library/PrivateFrameworks/SecCodeWrapper.framework/Versions/A/SecCodeWrapper
0x000000000d3f6000 	/System/Library/Frameworks/DirectoryService.framework/Versions/A/DirectoryService
0x000000000d3f6000 	/System/Library/PrivateFrameworks/LoginUIKit.framework/Versions/A/Frameworks/LoginUICore.framework/Versions/A/LoginUICore
0x000000000d3f6000 	/usr/lib/libodfde.dylib
0x000000012a786000 	/Library/Java/JavaVirtualMachines/jdk1.8.0_151.jdk/Contents/Home/jre/lib/libjavafx_font.dylib
0x000000012abe8000 	/Library/Java/JavaVirtualMachines/jdk1.8.0_151.jdk/Contents/Home/jre/lib/libawt.dylib
0x000000012b26d000 	/Library/Java/JavaVirtualMachines/jdk1.8.0_151.jdk/Contents/Home/jre/lib/./libmlib_image.dylib
0x000000012b339000 	/Library/Java/JavaVirtualMachines/jdk1.8.0_151.jdk/Contents/Home/jre/lib/libawt_lwawt.dylib
0x000000012ac90000 	/Library/Java/JavaVirtualMachines/jdk1.8.0_151.jdk/Contents/Home/jre/lib/./libosxapp.dylib
0x000000000d3f6000 	/System/Library/Frameworks/ExceptionHandling.framework/Versions/A/ExceptionHandling
0x000000012b5f0000 	/Library/Java/JavaVirtualMachines/jdk1.8.0_151.jdk/Contents/Home/jre/lib/libfontmanager.dylib
0x000000012acb1000 	/Library/Java/JavaVirtualMachines/jdk1.8.0_151.jdk/Contents/Home/jre/lib/libosxui.dylib
0x000000012c7fa000 	/Library/Java/JavaVirtualMachines/jdk1.8.0_151.jdk/Contents/Home/jre/lib/libnio.dylib
0x000000012c80a000 	/Library/Java/JavaVirtualMachines/jdk1.8.0_151.jdk/Contents/Home/jre/lib/./libnet.dylib
0x000000012c821000 	/Library/Java/JavaVirtualMachines/jdk1.8.0_151.jdk/Contents/Home/jre/lib/libdcpr.dylib
0x000000000d3f6000 	/System/Library/Frameworks/CoreGraphics.framework/Versions/A/Resources/libCGXType.A.dylib
0x000000012b24e000 	/Library/Java/JavaVirtualMachines/jdk1.8.0_151.jdk/Contents/Home/jre/lib/libprism_common.dylib
0x000000012b22a000 	cl_kernels
0x000000012fb31000 	/System/Library/Frameworks/OpenCL.framework/Versions/A/Libraries/ImageFormats/unorm8_bgra.dylib
0x000000012dab7000 	cl_kernels
0x000000000d3f6000 	/System/Library/Frameworks/ApplicationServices.framework/Versions/A/Frameworks/ATS.framework/Versions/A/Resources/libTrueTypeScaler.dylib
0x000000000d3f6000 	/System/Library/PrivateFrameworks/Shortcut.framework/Versions/A/Shortcut
0x000000000d3f6000 	/System/Library/PrivateFrameworks/HelpData.framework/Versions/A/HelpData
0x000000000d3f6000 	/usr/lib/libtidy.A.dylib

VM Arguments:
jvm_args: -Dfile.encoding=UTF-8 
java_command: cupcarbon.CupCarbon
java_class_path (initial): /Library/Java/JavaVirtualMachines/jdk1.8.0_151.jdk/Contents/Home/jre/lib/resources.jar:/Library/Java/JavaVirtualMachines/jdk1.8.0_151.jdk/Contents/Home/jre/lib/rt.jar:/Library/Java/JavaVirtualMachines/jdk1.8.0_151.jdk/Contents/Home/jre/lib/jsse.jar:/Library/Java/JavaVirtualMachines/jdk1.8.0_151.jdk/Contents/Home/jre/lib/jce.jar:/Library/Java/JavaVirtualMachines/jdk1.8.0_151.jdk/Contents/Home/jre/lib/charsets.jar:/Library/Java/JavaVirtualMachines/jdk1.8.0_151.jdk/Contents/Home/jre/lib/jfr.jar:/Library/Java/JavaVirtualMachines/jdk1.8.0_151.jdk/Contents/Home/jre/lib/ext/cldrdata.jar:/Library/Java/JavaVirtualMachines/jdk1.8.0_151.jdk/Contents/Home/jre/lib/ext/dnsns.jar:/Library/Java/JavaVirtualMachines/jdk1.8.0_151.jdk/Contents/Home/jre/lib/ext/jaccess.jar:/Library/Java/JavaVirtualMachines/jdk1.8.0_151.jdk/Contents/Home/jre/lib/ext/jfxrt.jar:/Library/Java/JavaVirtualMachines/jdk1.8.0_151.jdk/Contents/Home/jre/lib/ext/localedata.jar:/Library/Java/JavaVirtualMachines/jdk1.8.0_151.jdk/Contents/Home/jre/lib/ext/nashorn.jar:/Library/Java/JavaVirtualMachines/jdk1.8.0_151.jdk/Contents/Home/jre/lib/ext/sunec.jar:/Library/Java/JavaVirtualMachines/jdk1.8.0_151.jdk/Contents/Home/jre/lib/ext/sunjce_provider.jar:/Library/Java/JavaVirtualMachines/jdk1.8.0_151.jdk/Contents/Home/jre/lib/ext/sunpkcs11.jar:/Library/Java/JavaVirtualMachines/jdk1.8.0_151.jdk/Contents/Home/jre/lib/ext/zipfs.jar:/System/Library/Java/Extensions/AppleScriptEngine.jar:/System/Library/Java/Extensions/dns_sd.jar:/System/Library/Java/Extensions/j3daudio.jar:/System/Library/Java/Extensions/j3dcore.jar:/System/Library/Java/Extensions/j3dutils.jar:/System/Library/Java/Extensions/jai_codec.jar:/System/Library/Java/Extensions/jai_core.jar:/System/Library/Java/Extensions/mlibwrapper_jai.jar:/System/Library/Java/Extensions/MRJToolkit.jar:/System/Library/Java/Extensions/vecmath.jar:/Users/bounceur/git/CupCarbon/bin:/Users/bounceur/git/CupCarbon/lib/openstreetmap/swingx-ws-2007_10_14.jar:/Users
Launcher Type: SUN_STANDARD

Environment Variables:
PATH=/usr/bin:/bin:/usr/sbin:/sbin
SHELL=/bin/bash

Signal Handlers:
SIGSEGV: [libjvm.dylib+0x5b27a5], sa_mask[0]=11111111011111110111111111111111, sa_flags=SA_ONSTACK|SA_RESTART|SA_SIGINFO
SIGBUS: [libjvm.dylib+0x5b27a5], sa_mask[0]=11111111011111110111111111111111, sa_flags=SA_RESTART|SA_SIGINFO
SIGFPE: [libjvm.dylib+0x4891c4], sa_mask[0]=11111111011111110111111111111111, sa_flags=SA_RESTART|SA_SIGINFO
SIGPIPE: [libjvm.dylib+0x4891c4], sa_mask[0]=11111111011111110111111111111111, sa_flags=SA_RESTART|SA_SIGINFO
SIGXFSZ: [libjvm.dylib+0x4891c4], sa_mask[0]=11111111011111110111111111111111, sa_flags=SA_RESTART|SA_SIGINFO
SIGILL: [libjvm.dylib+0x4891c4], sa_mask[0]=11111111011111110111111111111111, sa_flags=SA_RESTART|SA_SIGINFO
SIGUSR1: SIG_DFL, sa_mask[0]=00000000000000000000000000000000, sa_flags=none
SIGUSR2: [libjvm.dylib+0x488ce2], sa_mask[0]=00100000000000000000000000000000, sa_flags=SA_RESTART|SA_SIGINFO
SIGHUP: [libjvm.dylib+0x4872b9], sa_mask[0]=11111111011111110111111111111111, sa_flags=SA_RESTART|SA_SIGINFO
SIGINT: [libjvm.dylib+0x4872b9], sa_mask[0]=11111111011111110111111111111111, sa_flags=SA_RESTART|SA_SIGINFO
SIGTERM: [libjvm.dylib+0x4872b9], sa_mask[0]=11111111011111110111111111111111, sa_flags=SA_RESTART|SA_SIGINFO
SIGQUIT: [libjvm.dylib+0x4872b9], sa_mask[0]=11111111011111110111111111111111, sa_flags=SA_RESTART|SA_SIGINFO


---------------  S Y S T E M  ---------------

OS:Bsduname:Darwin 14.5.0 Darwin Kernel Version 14.5.0: Sun Jun  4 21:40:08 PDT 2017; root:xnu-2782.70.3~1/RELEASE_X86_64 x86_64
rlimit: STACK 8192k, CORE 0k, NPROC 709, NOFILE 10240, AS infinity
load average:1.81 2.03 2.01

CPU:total 4 (initial active 4) (2 cores per cpu, 2 threads per core) family 6 model 58 stepping 9, cmov, cx8, fxsr, mmx, sse, sse2, sse3, ssse3, sse4.1, sse4.2, popcnt, avx, aes, clmul, erms, ht, tsc, tscinvbit, tscinv

Memory: 4k page, physical 4194304k(154884k free)

/proc/meminfo:


vm_info: Java HotSpot(TM) 64-Bit Server VM (25.151-b12) for bsd-amd64 JRE (1.8.0_151-b12), built on Sep  5 2017 19:37:08 by "java_re" with gcc 4.2.1 (Based on Apple Inc. build 5658) (LLVM build 2336.11.00)

time: Wed Nov 22 16:15:59 2017
elapsed time: 548 seconds (0d 0h 9m 8s)

